INFO: [VRFC 10-2263] Analyzing Verilog file "F:/vivado_projects/elevator_demo/elevator_demo.srcs/sources_1/imports/20220623backup/btn_debounce.v" into library xil_defaultlib
INFO: [VRFC 10-311] analyzing module btn_debounce
INFO: [VRFC 10-2263] Analyzing Verilog file "F:/vivado_projects/elevator_demo/elevator_demo.srcs/sources_1/new/call.v" into library xil_defaultlib
INFO: [VRFC 10-311] analyzing module call
INFO: [VRFC 10-2263] Analyzing Verilog file "F:/vivado_projects/elevator_demo/elevator_demo.srcs/sources_1/imports/20220623backup/display_seg.v" into library xil_defaultlib
INFO: [VRFC 10-311] analyzing module display_seg
INFO: [VRFC 10-2263] Analyzing Verilog file "F:/vivado_projects/elevator_demo/elevator_demo.srcs/sources_1/imports/20220623backup/door.v" into library xil_defaultlib
INFO: [VRFC 10-311] analyzing module door
INFO: [VRFC 10-2263] Analyzing Verilog file "F:/vivado_projects/elevator_demo/elevator_demo.srcs/sources_1/new/in_btn.v" into library xil_defaultlib
INFO: [VRFC 10-311] analyzing module in_btn
INFO: [VRFC 10-2263] Analyzing Verilog file "F:/vivado_projects/elevator_demo/elevator_demo.srcs/sources_1/imports/20220623backup/led.v" into library xil_defaultlib
INFO: [VRFC 10-311] analyzing module led
INFO: [VRFC 10-2263] Analyzing Verilog file "F:/vivado_projects/elevator_demo/elevator_demo.srcs/sources_1/new/out_btn.v" into library xil_defaultlib
INFO: [VRFC 10-311] analyzing module out_btn
INFO: [VRFC 10-2263] Analyzing Verilog file "F:/vivado_projects/elevator_demo/elevator_demo.srcs/sources_1/imports/20220623backup/state.v" into library xil_defaultlib
INFO: [VRFC 10-311] analyzing module state
INFO: [VRFC 10-2263] Analyzing Verilog file "F:/vivado_projects/elevator_demo/elevator_demo.srcs/sources_1/imports/20220623backup/top_module.v" into library xil_defaultlib
INFO: [VRFC 10-311] analyzing module top_module
INFO: [VRFC 10-2263] Analyzing Verilog file "F:/vivado_projects/elevator_demo/elevator_demo.sim/sim_1/behav/xsim/glbl.v" into library xil_defaultlib
INFO: [VRFC 10-311] analyzing module glbl
